{"uuid":"c6e31213-5da5-4e90-9b6b-d1638a626766","historyId":"25b91b8f16c37517d0dc7e9a6e997667","fullName":"com.quartz.javamaventestngprojecttemplate.MainPageTest.search","labels":[{"name":"package","value":"com.quartz.javamaventestngprojecttemplate.MainPageTest"},{"name":"testClass","value":"com.quartz.javamaventestngprojecttemplate.MainPageTest"},{"name":"testMethod","value":"search"},{"name":"parentSuite","value":"Default Suite"},{"name":"suite","value":"java-maven-testng-project-template"},{"name":"subSuite","value":"com.quartz.javamaventestngprojecttemplate.MainPageTest"},{"name":"host","value":"KHI-DXD-FILYAS.local"},{"name":"thread","value":"2669@KHI-DXD-FILYAS.local.main(1)"},{"name":"framework","value":"testng"},{"name":"language","value":"java"}],"links":[],"name":"search","status":"failed","statusDetails":{"known":false,"muted":false,"flaky":false,"message":"Element not found {[data-test='search-input']}\nExpected: exist\nScreenshot: file:/Users/fouad.ilyas/AquaProjects/java-maven-testng-project-template/build/reports/tests/1754161114697.1.png\nPage source: file:/Users/fouad.ilyas/AquaProjects/java-maven-testng-project-template/build/reports/tests/1754161114697.1.html\nTimeout: 4 s.\nCaused by: NoSuchElementException: no such element: Unable to locate element: {\"method\":\"css selector\",\"selector\":\"[data-test='search-input']\"}","trace":"Element not found {[data-test='search-input']}\nExpected: exist\nScreenshot: file:/Users/fouad.ilyas/AquaProjects/java-maven-testng-project-template/build/reports/tests/1754161114697.1.png\nPage source: file:/Users/fouad.ilyas/AquaProjects/java-maven-testng-project-template/build/reports/tests/1754161114697.1.html\nTimeout: 4 s.\nCaused by: NoSuchElementException: no such element: Unable to locate element: {\"method\":\"css selector\",\"selector\":\"[data-test='search-input']\"}\n\tat com.codeborne.selenide.impl.WebElementSource.createElementNotFoundError(WebElementSource.java:68)\n\tat com.codeborne.selenide.impl.ElementFinder.createElementNotFoundError(ElementFinder.java:117)\n\tat com.codeborne.selenide.impl.ExceptionWrapper.wrap(ExceptionWrapper.java:25)\n\tat com.codeborne.selenide.impl.SelenideElementProxy.dispatchAndRetry(SelenideElementProxy.java:153)\n\tat com.codeborne.selenide.impl.SelenideElementProxy.invoke(SelenideElementProxy.java:83)\n\tat jdk.proxy2/jdk.proxy2.$Proxy7.sendKeys(Unknown Source)\n\tat com.quartz.javamaventestngprojecttemplate.MainPageTest.search(MainPageTest.java:33)\n\tat java.base/jdk.internal.reflect.DirectMethodHandleAccessor.invoke(DirectMethodHandleAccessor.java:103)\n\tat java.base/java.lang.reflect.Method.invoke(Method.java:580)\n\tat org.testng.internal.invokers.MethodInvocationHelper.invokeMethod(MethodInvocationHelper.java:141)\n\tat org.testng.internal.invokers.TestInvoker.invokeMethod(TestInvoker.java:686)\n\tat org.testng.internal.invokers.TestInvoker.invokeTestMethod(TestInvoker.java:230)\n\tat org.testng.internal.invokers.MethodRunner.runInSequence(MethodRunner.java:63)\n\tat org.testng.internal.invokers.TestInvoker$MethodInvocationAgent.invoke(TestInvoker.java:992)\n\tat org.testng.internal.invokers.TestInvoker.invokeTestMethods(TestInvoker.java:203)\n\tat org.testng.internal.invokers.TestMethodWorker.invokeTestMethods(TestMethodWorker.java:154)\n\tat org.testng.internal.invokers.TestMethodWorker.run(TestMethodWorker.java:134)\n\tat java.base/java.util.ArrayList.forEach(ArrayList.java:1597)\n\tat org.testng.TestRunner.privateRun(TestRunner.java:739)\n\tat org.testng.TestRunner.run(TestRunner.java:614)\n\tat org.testng.SuiteRunner.runTest(SuiteRunner.java:421)\n\tat org.testng.SuiteRunner.runSequentially(SuiteRunner.java:413)\n\tat org.testng.SuiteRunner.privateRun(SuiteRunner.java:373)\n\tat org.testng.SuiteRunner.run(SuiteRunner.java:312)\n\tat org.testng.SuiteRunnerWorker.runSuite(SuiteRunnerWorker.java:52)\n\tat org.testng.SuiteRunnerWorker.run(SuiteRunnerWorker.java:95)\n\tat org.testng.TestNG.runSuitesSequentially(TestNG.java:1274)\n\tat org.testng.TestNG.runSuitesLocally(TestNG.java:1208)\n\tat org.testng.TestNG.runSuites(TestNG.java:1112)\n\tat org.testng.TestNG.run(TestNG.java:1079)\n\tat com.intellij.rt.testng.IDEARemoteTestNG.run(IDEARemoteTestNG.java:65)\n\tat com.intellij.rt.testng.RemoteTestNGStarter.main(RemoteTestNGStarter.java:105)\nCaused by: org.openqa.selenium.NoSuchElementException: no such element: Unable to locate element: {\"method\":\"css selector\",\"selector\":\"[data-test='search-input']\"}\n  (Session info: chrome=138.0.7204.184)\nFor documentation on this error, please visit: https://www.selenium.dev/documentation/webdriver/troubleshooting/errors#no-such-element-exception\nBuild info: version: '4.26.0', revision: '8ccf0219d7'\nSystem info: os.name: 'Mac OS X', os.arch: 'aarch64', os.version: '15.5', java.version: '23.0.2'\nDriver info: org.openqa.selenium.chrome.ChromeDriver\nCommand: [c9ee0dc407f9c3d1ccbd0d2ccc3a6845, findElement {using=css selector, value=[data-test='search-input']}]\nCapabilities {acceptInsecureCerts: true, browserName: chrome, browserVersion: 138.0.7204.184, chrome: {chromedriverVersion: 138.0.7204.183 (e90faf484dd..., userDataDir: /var/folders/x_/0nxwvqy51rx...}, fedcm:accounts: true, goog:chromeOptions: {debuggerAddress: localhost:52915}, networkConnectionEnabled: false, pageLoadStrategy: normal, platformName: mac, proxy: Proxy(), se:cdp: ws://localhost:52915/devtoo..., se:cdpVersion: 138.0.7204.184, setWindowRect: true, strictFileInteractability: false, timeouts: {implicit: 0, pageLoad: 300000, script: 30000}, unhandledPromptBehavior: accept, webauthn:extension:credBlob: true, webauthn:extension:largeBlob: true, webauthn:extension:minPinLength: true, webauthn:extension:prf: true, webauthn:virtualAuthenticators: true}\nSession ID: c9ee0dc407f9c3d1ccbd0d2ccc3a6845\n\tat java.base/jdk.internal.reflect.DirectConstructorHandleAccessor.newInstance(DirectConstructorHandleAccessor.java:62)\n\tat java.base/java.lang.reflect.Constructor.newInstanceWithCaller(Constructor.java:501)\n\tat java.base/java.lang.reflect.Constructor.newInstance(Constructor.java:485)\n\tat org.openqa.selenium.remote.ErrorCodec.decode(ErrorCodec.java:167)\n\tat org.openqa.selenium.remote.codec.w3c.W3CHttpResponseCodec.decode(W3CHttpResponseCodec.java:138)\n\tat org.openqa.selenium.remote.codec.w3c.W3CHttpResponseCodec.decode(W3CHttpResponseCodec.java:50)\n\tat org.openqa.selenium.remote.HttpCommandExecutor.execute(HttpCommandExecutor.java:190)\n\tat org.openqa.selenium.remote.service.DriverCommandExecutor.invokeExecute(DriverCommandExecutor.java:216)\n\tat org.openqa.selenium.remote.service.DriverCommandExecutor.execute(DriverCommandExecutor.java:174)\n\tat org.openqa.selenium.remote.RemoteWebDriver.execute(RemoteWebDriver.java:545)\n\tat org.openqa.selenium.remote.ElementLocation$ElementFinder$2.findElement(ElementLocation.java:165)\n\tat org.openqa.selenium.remote.ElementLocation.findElement(ElementLocation.java:59)\n\tat org.openqa.selenium.remote.RemoteWebDriver.findElement(RemoteWebDriver.java:368)\n\tat org.openqa.selenium.remote.RemoteWebDriver.findElement(RemoteWebDriver.java:362)\n\tat com.codeborne.selenide.impl.WebElementSelector.findElement(WebElementSelector.java:64)\n\tat com.codeborne.selenide.impl.WebElementSelector.findElement(WebElementSelector.java:39)\n\tat com.codeborne.selenide.impl.WebElementSelector.findElement(WebElementSelector.java:30)\n\tat com.codeborne.selenide.impl.ElementFinder.getWebElement(ElementFinder.java:101)\n\tat com.codeborne.selenide.impl.SelenideElementProxy.dispatchAndRetry(SelenideElementProxy.java:134)\n\t... 28 more\n"},"stage":"finished","steps":[{"name":"$(\"[data-test='site-header-search-action']\") click()","status":"passed","stage":"finished","steps":[],"attachments":[],"parameters":[],"start":1754161110366,"stop":1754161110500},{"name":"$(\"[data-test='search-input']\") send keys(Selenium)","status":"failed","statusDetails":{"known":false,"muted":false,"flaky":false,"message":"Element not found {[data-test='search-input']}\nExpected: exist\nScreenshot: file:/Users/fouad.ilyas/AquaProjects/java-maven-testng-project-template/build/reports/tests/1754161114697.1.png\nPage source: file:/Users/fouad.ilyas/AquaProjects/java-maven-testng-project-template/build/reports/tests/1754161114697.1.html\nTimeout: 4 s.\nCaused by: NoSuchElementException: no such element: Unable to locate element: {\"method\":\"css selector\",\"selector\":\"[data-test='search-input']\"}","trace":"Element not found {[data-test='search-input']}\nExpected: exist\nScreenshot: file:/Users/fouad.ilyas/AquaProjects/java-maven-testng-project-template/build/reports/tests/1754161114697.1.png\nPage source: file:/Users/fouad.ilyas/AquaProjects/java-maven-testng-project-template/build/reports/tests/1754161114697.1.html\nTimeout: 4 s.\nCaused by: NoSuchElementException: no such element: Unable to locate element: {\"method\":\"css selector\",\"selector\":\"[data-test='search-input']\"}\n\tat com.codeborne.selenide.impl.WebElementSource.createElementNotFoundError(WebElementSource.java:68)\n\tat com.codeborne.selenide.impl.ElementFinder.createElementNotFoundError(ElementFinder.java:117)\n\tat com.codeborne.selenide.impl.ExceptionWrapper.wrap(ExceptionWrapper.java:25)\n\tat com.codeborne.selenide.impl.SelenideElementProxy.dispatchAndRetry(SelenideElementProxy.java:153)\n\tat com.codeborne.selenide.impl.SelenideElementProxy.invoke(SelenideElementProxy.java:83)\n\tat jdk.proxy2/jdk.proxy2.$Proxy7.sendKeys(Unknown Source)\n\tat com.quartz.javamaventestngprojecttemplate.MainPageTest.search(MainPageTest.java:33)\n\tat java.base/jdk.internal.reflect.DirectMethodHandleAccessor.invoke(DirectMethodHandleAccessor.java:103)\n\tat java.base/java.lang.reflect.Method.invoke(Method.java:580)\n\tat org.testng.internal.invokers.MethodInvocationHelper.invokeMethod(MethodInvocationHelper.java:141)\n\tat org.testng.internal.invokers.TestInvoker.invokeMethod(TestInvoker.java:686)\n\tat org.testng.internal.invokers.TestInvoker.invokeTestMethod(TestInvoker.java:230)\n\tat org.testng.internal.invokers.MethodRunner.runInSequence(MethodRunner.java:63)\n\tat org.testng.internal.invokers.TestInvoker$MethodInvocationAgent.invoke(TestInvoker.java:992)\n\tat org.testng.internal.invokers.TestInvoker.invokeTestMethods(TestInvoker.java:203)\n\tat org.testng.internal.invokers.TestMethodWorker.invokeTestMethods(TestMethodWorker.java:154)\n\tat org.testng.internal.invokers.TestMethodWorker.run(TestMethodWorker.java:134)\n\tat java.base/java.util.ArrayList.forEach(ArrayList.java:1597)\n\tat org.testng.TestRunner.privateRun(TestRunner.java:739)\n\tat org.testng.TestRunner.run(TestRunner.java:614)\n\tat org.testng.SuiteRunner.runTest(SuiteRunner.java:421)\n\tat org.testng.SuiteRunner.runSequentially(SuiteRunner.java:413)\n\tat org.testng.SuiteRunner.privateRun(SuiteRunner.java:373)\n\tat org.testng.SuiteRunner.run(SuiteRunner.java:312)\n\tat org.testng.SuiteRunnerWorker.runSuite(SuiteRunnerWorker.java:52)\n\tat org.testng.SuiteRunnerWorker.run(SuiteRunnerWorker.java:95)\n\tat org.testng.TestNG.runSuitesSequentially(TestNG.java:1274)\n\tat org.testng.TestNG.runSuitesLocally(TestNG.java:1208)\n\tat org.testng.TestNG.runSuites(TestNG.java:1112)\n\tat org.testng.TestNG.run(TestNG.java:1079)\n\tat com.intellij.rt.testng.IDEARemoteTestNG.run(IDEARemoteTestNG.java:65)\n\tat com.intellij.rt.testng.RemoteTestNGStarter.main(RemoteTestNGStarter.java:105)\nCaused by: org.openqa.selenium.NoSuchElementException: no such element: Unable to locate element: {\"method\":\"css selector\",\"selector\":\"[data-test='search-input']\"}\n  (Session info: chrome=138.0.7204.184)\nFor documentation on this error, please visit: https://www.selenium.dev/documentation/webdriver/troubleshooting/errors#no-such-element-exception\nBuild info: version: '4.26.0', revision: '8ccf0219d7'\nSystem info: os.name: 'Mac OS X', os.arch: 'aarch64', os.version: '15.5', java.version: '23.0.2'\nDriver info: org.openqa.selenium.chrome.ChromeDriver\nCommand: [c9ee0dc407f9c3d1ccbd0d2ccc3a6845, findElement {using=css selector, value=[data-test='search-input']}]\nCapabilities {acceptInsecureCerts: true, browserName: chrome, browserVersion: 138.0.7204.184, chrome: {chromedriverVersion: 138.0.7204.183 (e90faf484dd..., userDataDir: /var/folders/x_/0nxwvqy51rx...}, fedcm:accounts: true, goog:chromeOptions: {debuggerAddress: localhost:52915}, networkConnectionEnabled: false, pageLoadStrategy: normal, platformName: mac, proxy: Proxy(), se:cdp: ws://localhost:52915/devtoo..., se:cdpVersion: 138.0.7204.184, setWindowRect: true, strictFileInteractability: false, timeouts: {implicit: 0, pageLoad: 300000, script: 30000}, unhandledPromptBehavior: accept, webauthn:extension:credBlob: true, webauthn:extension:largeBlob: true, webauthn:extension:minPinLength: true, webauthn:extension:prf: true, webauthn:virtualAuthenticators: true}\nSession ID: c9ee0dc407f9c3d1ccbd0d2ccc3a6845\n\tat java.base/jdk.internal.reflect.DirectConstructorHandleAccessor.newInstance(DirectConstructorHandleAccessor.java:62)\n\tat java.base/java.lang.reflect.Constructor.newInstanceWithCaller(Constructor.java:501)\n\tat java.base/java.lang.reflect.Constructor.newInstance(Constructor.java:485)\n\tat org.openqa.selenium.remote.ErrorCodec.decode(ErrorCodec.java:167)\n\tat org.openqa.selenium.remote.codec.w3c.W3CHttpResponseCodec.decode(W3CHttpResponseCodec.java:138)\n\tat org.openqa.selenium.remote.codec.w3c.W3CHttpResponseCodec.decode(W3CHttpResponseCodec.java:50)\n\tat org.openqa.selenium.remote.HttpCommandExecutor.execute(HttpCommandExecutor.java:190)\n\tat org.openqa.selenium.remote.service.DriverCommandExecutor.invokeExecute(DriverCommandExecutor.java:216)\n\tat org.openqa.selenium.remote.service.DriverCommandExecutor.execute(DriverCommandExecutor.java:174)\n\tat org.openqa.selenium.remote.RemoteWebDriver.execute(RemoteWebDriver.java:545)\n\tat org.openqa.selenium.remote.ElementLocation$ElementFinder$2.findElement(ElementLocation.java:165)\n\tat org.openqa.selenium.remote.ElementLocation.findElement(ElementLocation.java:59)\n\tat org.openqa.selenium.remote.RemoteWebDriver.findElement(RemoteWebDriver.java:368)\n\tat org.openqa.selenium.remote.RemoteWebDriver.findElement(RemoteWebDriver.java:362)\n\tat com.codeborne.selenide.impl.WebElementSelector.findElement(WebElementSelector.java:64)\n\tat com.codeborne.selenide.impl.WebElementSelector.findElement(WebElementSelector.java:39)\n\tat com.codeborne.selenide.impl.WebElementSelector.findElement(WebElementSelector.java:30)\n\tat com.codeborne.selenide.impl.ElementFinder.getWebElement(ElementFinder.java:101)\n\tat com.codeborne.selenide.impl.SelenideElementProxy.dispatchAndRetry(SelenideElementProxy.java:134)\n\t... 28 more\n"},"stage":"finished","steps":[],"attachments":[{"name":"Screenshot","source":"8c02f089-99ef-48b4-b575-e00123b45bad-attachment.png","type":"image/png"},{"name":"Page source","source":"fbc5c080-c4ed-4d13-a141-9b3a731e4bd7-attachment.html","type":"text/html"}],"parameters":[],"start":1754161110500,"stop":1754161115410}],"attachments":[],"parameters":[],"start":1754161110365,"stop":1754161115410}